INFO NioProcessor-2 org.apache.mina.filter.logging.LoggingFilter - CLOSED
INFO NioProcessor-7 org.apache.mina.filter.logging.LoggingFilter - CREATED
INFO NioProcessor-7 org.apache.mina.filter.logging.LoggingFilter - OPENED
INFO NioProcessor-7 org.apache.mina.filter.logging.LoggingFilter - SENT: datatypes.protocolmessages.GetAllCVRequest@7e313f7d
INFO NioProcessor-7 org.apache.mina.filter.logging.LoggingFilter - SENT: datatypes.protocolmessages.GetVaccinesRequest@70c497fb
INFO NioProcessor-7 org.apache.mina.filter.logging.LoggingFilter - RECEIVED: datatypes.protocolmessages.GetCVResponse@5895e626
INFO NioProcessor-7 org.apache.mina.filter.logging.LoggingFilter - RECEIVED: datatypes.protocolmessages.GetVaccinesResponse@19e7964d
INFO NioProcessor-2 org.apache.mina.filter.logging.LoggingFilter - CREATED
INFO NioProcessor-2 org.apache.mina.filter.logging.LoggingFilter - OPENED
INFO NioProcessor-2 org.apache.mina.filter.logging.LoggingFilter - RECEIVED: datatypes.protocolmessages.GetCVResponse@3ca923
INFO NioProcessor-2 org.apache.mina.filter.logging.LoggingFilter - SENT: datatypes.protocolmessages.GetAllCVRequest@26984f25
INFO NioProcessor-2 org.apache.mina.filter.logging.LoggingFilter - SENT: datatypes.protocolmessages.GetVaccinesRequest@503fa88
INFO NioProcessor-2 org.apache.mina.filter.logging.LoggingFilter - RECEIVED: datatypes.protocolmessages.GetVaccinesResponse@3bad79b6
INFO NioProcessor-2 org.apache.mina.filter.logging.LoggingFilter - CREATED
INFO NioProcessor-2 org.apache.mina.filter.logging.LoggingFilter - OPENED
INFO NioProcessor-2 org.apache.mina.filter.logging.LoggingFilter - SENT: datatypes.protocolmessages.GetAllCVRequest@5ad31a73
INFO NioProcessor-2 org.apache.mina.filter.logging.LoggingFilter - SENT: datatypes.protocolmessages.GetVaccinesRequest@1fc67dfc
INFO NioProcessor-2 org.apache.mina.filter.logging.LoggingFilter - RECEIVED: datatypes.protocolmessages.GetCVResponse@c24a7ba
INFO NioProcessor-2 org.apache.mina.filter.logging.LoggingFilter - RECEIVED: datatypes.protocolmessages.GetVaccinesResponse@143b6b80
INFO NioProcessor-2 org.apache.mina.filter.logging.LoggingFilter - SENT: datatypes.protocolmessages.CheckEmailRequest@58212214
INFO NioProcessor-2 org.apache.mina.filter.logging.LoggingFilter - RECEIVED: datatypes.protocolmessages.CheckEmailResponse@32eb941d
INFO NioProcessor-2 org.apache.mina.filter.logging.LoggingFilter - SENT: datatypes.protocolmessages.CheckEmailRequest@4e90d859
INFO NioProcessor-2 org.apache.mina.filter.logging.LoggingFilter - RECEIVED: datatypes.protocolmessages.CheckEmailResponse@e106c5a
INFO NioProcessor-2 org.apache.mina.filter.logging.LoggingFilter - SENT: datatypes.protocolmessages.RegistrationVaccinatedRequest@14a93080
INFO NioProcessor-2 org.apache.mina.filter.logging.LoggingFilter - RECEIVED: datatypes.protocolmessages.RegistrationVaccinatedResponse@7a64a177
INFO NioProcessor-2 org.apache.mina.filter.logging.LoggingFilter - CREATED
INFO NioProcessor-2 org.apache.mina.filter.logging.LoggingFilter - OPENED
INFO NioProcessor-2 org.apache.mina.filter.logging.LoggingFilter - RECEIVED: datatypes.protocolmessages.GetCVResponse@fd6310f
INFO NioProcessor-2 org.apache.mina.filter.logging.LoggingFilter - SENT: datatypes.protocolmessages.GetAllCVRequest@3bc46981
INFO NioProcessor-2 org.apache.mina.filter.logging.LoggingFilter - SENT: datatypes.protocolmessages.GetVaccinesRequest@33eb2cef
INFO NioProcessor-2 org.apache.mina.filter.logging.LoggingFilter - RECEIVED: datatypes.protocolmessages.GetVaccinesResponse@5b066422
INFO NioProcessor-2 org.apache.mina.filter.logging.LoggingFilter - CREATED
INFO NioProcessor-2 org.apache.mina.filter.logging.LoggingFilter - OPENED
INFO NioProcessor-2 org.apache.mina.filter.logging.LoggingFilter - SENT: datatypes.protocolmessages.GetAllCVRequest@2634c595
INFO NioProcessor-2 org.apache.mina.filter.logging.LoggingFilter - SENT: datatypes.protocolmessages.GetVaccinesRequest@7cffa4e
INFO NioProcessor-2 org.apache.mina.filter.logging.LoggingFilter - RECEIVED: datatypes.protocolmessages.GetCVResponse@64896c6b
INFO NioProcessor-2 org.apache.mina.filter.logging.LoggingFilter - RECEIVED: datatypes.protocolmessages.GetVaccinesResponse@63a185fe
INFO NioProcessor-2 org.apache.mina.filter.logging.LoggingFilter - CREATED
INFO NioProcessor-2 org.apache.mina.filter.logging.LoggingFilter - OPENED
INFO NioProcessor-2 org.apache.mina.filter.logging.LoggingFilter - SENT: datatypes.protocolmessages.GetAllCVRequest@26b60a8a
INFO NioProcessor-2 org.apache.mina.filter.logging.LoggingFilter - SENT: datatypes.protocolmessages.GetVaccinesRequest@22cbc010
INFO NioProcessor-2 org.apache.mina.filter.logging.LoggingFilter - RECEIVED: datatypes.protocolmessages.GetCVResponse@23b0701
INFO NioProcessor-2 org.apache.mina.filter.logging.LoggingFilter - RECEIVED: datatypes.protocolmessages.GetVaccinesResponse@23c703ce
INFO NioProcessor-2 org.apache.mina.filter.logging.LoggingFilter - CREATED
INFO NioProcessor-2 org.apache.mina.filter.logging.LoggingFilter - OPENED
INFO NioProcessor-2 org.apache.mina.filter.logging.LoggingFilter - SENT: datatypes.protocolmessages.GetAllCVRequest@24381c37
INFO NioProcessor-2 org.apache.mina.filter.logging.LoggingFilter - RECEIVED: datatypes.protocolmessages.GetCVResponse@61be9d0
INFO NioProcessor-2 org.apache.mina.filter.logging.LoggingFilter - SENT: datatypes.protocolmessages.GetVaccinesRequest@509576b3
INFO NioProcessor-2 org.apache.mina.filter.logging.LoggingFilter - RECEIVED: datatypes.protocolmessages.GetVaccinesResponse@1ed5a789
INFO NioProcessor-2 org.apache.mina.filter.logging.LoggingFilter - CREATED
INFO NioProcessor-2 org.apache.mina.filter.logging.LoggingFilter - OPENED
INFO NioProcessor-2 org.apache.mina.filter.logging.LoggingFilter - CREATED
INFO NioProcessor-2 org.apache.mina.filter.logging.LoggingFilter - OPENED
INFO NioProcessor-2 org.apache.mina.filter.logging.LoggingFilter - SENT: datatypes.protocolmessages.GetAllCVRequest@26b3ac7
INFO NioProcessor-2 org.apache.mina.filter.logging.LoggingFilter - SENT: datatypes.protocolmessages.GetVaccinesRequest@5570cdeb
INFO NioProcessor-2 org.apache.mina.filter.logging.LoggingFilter - RECEIVED: datatypes.protocolmessages.GetCVResponse@555efb58
INFO NioProcessor-2 org.apache.mina.filter.logging.LoggingFilter - RECEIVED: datatypes.protocolmessages.GetVaccinesResponse@4ae271e0
INFO NioProcessor-2 org.apache.mina.filter.logging.LoggingFilter - SENT: datatypes.protocolmessages.CheckEmailRequest@401c2cc9
INFO NioProcessor-2 org.apache.mina.filter.logging.LoggingFilter - RECEIVED: datatypes.protocolmessages.CheckEmailResponse@57ca80ca
INFO NioProcessor-2 org.apache.mina.filter.logging.LoggingFilter - SENT: datatypes.protocolmessages.RegistrationVaccinatedRequest@6b7b56de
INFO NioProcessor-2 org.apache.mina.filter.logging.LoggingFilter - RECEIVED: datatypes.protocolmessages.RegistrationVaccinatedResponse@510803fc
INFO NioProcessor-2 org.apache.mina.filter.logging.LoggingFilter - SENT: datatypes.protocolmessages.GetAllCVRequest@347be76e
INFO NioProcessor-2 org.apache.mina.filter.logging.LoggingFilter - SENT: datatypes.protocolmessages.GetVaccinesRequest@1c6de883
INFO NioProcessor-2 org.apache.mina.filter.logging.LoggingFilter - RECEIVED: datatypes.protocolmessages.GetCVResponse@46253fe
INFO NioProcessor-2 org.apache.mina.filter.logging.LoggingFilter - RECEIVED: datatypes.protocolmessages.GetVaccinesResponse@73e12f1f
INFO NioProcessor-2 org.apache.mina.filter.logging.LoggingFilter - SENT: datatypes.protocolmessages.CheckEmailRequest@18adc828
INFO NioProcessor-2 org.apache.mina.filter.logging.LoggingFilter - RECEIVED: datatypes.protocolmessages.CheckEmailResponse@62e7d57c
INFO NioProcessor-2 org.apache.mina.filter.logging.LoggingFilter - SENT: datatypes.protocolmessages.RegistrationVaccinatedRequest@1715ec
INFO NioProcessor-2 org.apache.mina.filter.logging.LoggingFilter - RECEIVED: datatypes.protocolmessages.RegistrationVaccinatedResponse@79453265
